This file contains any messages produced by compilers while
running configure, to aid debugging if configure makes a mistake.

It was created by diod configure 6529190, which was
generated by GNU Autoconf 2.71.  Invocation command line was

  $ ../../build/cache/diod-src/configure

## --------- ##
## Platform. ##
## --------- ##

hostname = blade
uname -m = x86_64
uname -r = 6.11.0-21-generic
uname -s = Linux
uname -v = #21~24.04.1-Ubuntu SMP PREEMPT_DYNAMIC Mon Feb 24 16:52:15 UTC 2

/usr/bin/uname -p = x86_64
/bin/uname -X     = unknown

/bin/arch              = x86_64
/usr/bin/arch -k       = unknown
/usr/convex/getsysinfo = unknown
/usr/bin/hostinfo      = unknown
/bin/machine           = unknown
/usr/bin/oslevel       = unknown
/bin/universe          = unknown

PATH: /home/gaz/.local/bin/
PATH: /home/gaz/bin/
PATH: /home/gaz/.venv/💻​/bin/
PATH: /home/gaz/.pyenv/shims/
PATH: /home/gaz/.pyenv/bin/
PATH: /home/gaz/.local/bin/
PATH: /home/gaz/💻/bin/
PATH: /home/gaz/.pyenv/bin/
PATH: /home/gaz/.local/bin/
PATH: /home/gaz/.local/bin/
PATH: /home/gaz/bin/
PATH: /usr/local/sbin/
PATH: /usr/local/bin/
PATH: /usr/sbin/
PATH: /usr/bin/
PATH: /sbin/
PATH: /bin/
PATH: /usr/games/
PATH: /usr/local/games/
PATH: /snap/bin/
PATH: /snap/bin/


## ----------- ##
## Core tests. ##
## ----------- ##

configure:2690: looking for aux files: compile missing install-sh tap-driver.sh config.guess config.sub
configure:2703:  trying ../../build/cache/diod-src/config/
configure:2732:   ../../build/cache/diod-src/config/compile found
configure:2732:   ../../build/cache/diod-src/config/missing found
configure:2714:   ../../build/cache/diod-src/config/install-sh found
configure:2732:   ../../build/cache/diod-src/config/tap-driver.sh found
configure:2732:   ../../build/cache/diod-src/config/config.guess found
configure:2732:   ../../build/cache/diod-src/config/config.sub found
configure:2853: checking build system type
configure:2868: result: x86_64-pc-linux-gnu
configure:2888: checking host system type
configure:2902: result: x86_64-pc-linux-gnu
configure:2925: checking installation directory variables
configure:3020: result: yes
configure:3044: checking for a BSD-compatible install
configure:3117: result: /usr/bin/install -c
configure:3128: checking whether build environment is sane
configure:3183: result: yes
configure:3342: checking for a race-free mkdir -p
configure:3386: result: /usr/bin/mkdir -p
configure:3393: checking for gawk
configure:3414: found /usr/bin/gawk
configure:3425: result: gawk
configure:3436: checking whether make sets $(MAKE)
configure:3459: result: yes
configure:3489: checking whether make supports nested variables
configure:3507: result: yes
configure:3655: checking whether make supports nested variables
configure:3673: result: yes
configure:3687: checking whether to enable maintainer-specific portions of Makefiles
configure:3697: result: yes
configure:3780: checking for gcc
configure:3801: found /usr/bin/gcc
configure:3812: result: gcc
configure:4165: checking for C compiler version
configure:4174: gcc --version >&5
gcc (Ubuntu 13.3.0-6ubuntu2~24.04) 13.3.0
Copyright (C) 2023 Free Software Foundation, Inc.
This is free software; see the source for copying conditions.  There is NO
warranty; not even for MERCHANTABILITY or FITNESS FOR A PARTICULAR PURPOSE.

configure:4185: $? = 0
configure:4174: gcc -v >&5
Using built-in specs.
COLLECT_GCC=gcc
COLLECT_LTO_WRAPPER=/usr/libexec/gcc/x86_64-linux-gnu/13/lto-wrapper
OFFLOAD_TARGET_NAMES=nvptx-none:amdgcn-amdhsa
OFFLOAD_TARGET_DEFAULT=1
Target: x86_64-linux-gnu
Configured with: ../src/configure -v --with-pkgversion='Ubuntu 13.3.0-6ubuntu2~24.04' --with-bugurl=file:///usr/share/doc/gcc-13/README.Bugs --enable-languages=c,ada,c++,go,d,fortran,objc,obj-c++,m2 --prefix=/usr --with-gcc-major-version-only --program-suffix=-13 --program-prefix=x86_64-linux-gnu- --enable-shared --enable-linker-build-id --libexecdir=/usr/libexec --without-included-gettext --enable-threads=posix --libdir=/usr/lib --enable-nls --enable-bootstrap --enable-clocale=gnu --enable-libstdcxx-debug --enable-libstdcxx-time=yes --with-default-libstdcxx-abi=new --enable-libstdcxx-backtrace --enable-gnu-unique-object --disable-vtable-verify --enable-plugin --enable-default-pie --with-system-zlib --enable-libphobos-checking=release --with-target-system-zlib=auto --enable-objc-gc=auto --enable-multiarch --disable-werror --enable-cet --with-arch-32=i686 --with-abi=m64 --with-multilib-list=m32,m64,mx32 --enable-multilib --with-tune=generic --enable-offload-targets=nvptx-none=/build/gcc-13-fG75Ri/gcc-13-13.3.0/debian/tmp-nvptx/usr,amdgcn-amdhsa=/build/gcc-13-fG75Ri/gcc-13-13.3.0/debian/tmp-gcn/usr --enable-offload-defaulted --without-cuda-driver --enable-checking=release --build=x86_64-linux-gnu --host=x86_64-linux-gnu --target=x86_64-linux-gnu --with-build-config=bootstrap-lto-lean --enable-link-serialization=2
Thread model: posix
Supported LTO compression algorithms: zlib zstd
gcc version 13.3.0 (Ubuntu 13.3.0-6ubuntu2~24.04) 
... rest of stderr output deleted ...
configure:4185: $? = 0
configure:4174: gcc -V >&5
gcc: error: unrecognized command-line option '-V'
gcc: fatal error: no input files
compilation terminated.
configure:4185: $? = 1
configure:4174: gcc -qversion >&5
gcc: error: unrecognized command-line option '-qversion'; did you mean '--version'?
gcc: fatal error: no input files
compilation terminated.
configure:4185: $? = 1
configure:4174: gcc -version >&5
gcc: error: unrecognized command-line option '-version'
gcc: fatal error: no input files
compilation terminated.
configure:4185: $? = 1
configure:4205: checking whether the C compiler works
configure:4227: gcc    conftest.c  >&5
configure:4231: $? = 0
configure:4281: result: yes
configure:4284: checking for C compiler default output file name
configure:4286: result: a.out
configure:4292: checking for suffix of executables
configure:4299: gcc -o conftest    conftest.c  >&5
configure:4303: $? = 0
configure:4326: result: 
configure:4348: checking whether we are cross compiling
configure:4356: gcc -o conftest    conftest.c  >&5
configure:4360: $? = 0
configure:4367: ./conftest
configure:4371: $? = 0
configure:4386: result: no
configure:4391: checking for suffix of object files
configure:4414: gcc -c   conftest.c >&5
configure:4418: $? = 0
configure:4440: result: o
configure:4444: checking whether the compiler supports GNU C
configure:4464: gcc -c   conftest.c >&5
configure:4464: $? = 0
configure:4474: result: yes
configure:4485: checking whether gcc accepts -g
configure:4506: gcc -c -g  conftest.c >&5
configure:4506: $? = 0
configure:4550: result: yes
configure:4570: checking for gcc option to enable C11 features
configure:4585: gcc  -c -g -O2  conftest.c >&5
configure:4585: $? = 0
configure:4603: result: none needed
configure:4719: checking whether gcc understands -c and -o together
configure:4742: gcc -c conftest.c -o conftest2.o
configure:4745: $? = 0
configure:4742: gcc -c conftest.c -o conftest2.o
configure:4745: $? = 0
configure:4757: result: yes
configure:4777: checking whether make supports the include directive
configure:4792: make -f confmf.GNU && cat confinc.out
this is the am__doit target
configure:4795: $? = 0
configure:4814: result: yes (GNU style)
configure:4840: checking dependency style of gcc
configure:4952: result: gcc3
configure:4969: checking for C compiler vendor
configure:5028: gcc -c -g -O2  conftest.c >&5
conftest.c: In function 'main':
conftest.c:32:7: error: 'thisisanerror' undeclared (first use in this function)
   32 |       thisisanerror;
      |       ^~~~~~~~~~~~~
conftest.c:32:7: note: each undeclared identifier is reported only once for each function it appears in
configure:5028: $? = 1
configure: failed program was:
| /* confdefs.h */
| #define PACKAGE_NAME "diod"
| #define PACKAGE_TARNAME "diod"
| #define PACKAGE_VERSION "6529190"
| #define PACKAGE_STRING "diod 6529190"
| #define PACKAGE_BUGREPORT ""
| #define PACKAGE_URL ""
| #define X_PREFIX "/usr/local"
| #define X_EXEC_PREFIX "/usr/local"
| #define X_BINDIR "/usr/local/bin"
| #define X_SBINDIR "/usr/local/sbin"
| #define X_LIBEXECDIR "/usr/local/libexec"
| #define X_DATADIR "${prefix}/share"
| #define X_SYSCONFDIR "/usr/local/etc"
| #define X_SHAREDSTATEDIR "/usr/local/com"
| #define X_LOCALSTATEDIR "/usr/local/var"
| #define X_LIBDIR "/usr/local/lib"
| #define X_INCLUDEDIR "/usr/local/include"
| #define X_OLDINCLUDEDIR "/usr/include"
| #define X_INFODIR "${prefix}/share/info"
| #define X_MANDIR "${prefix}/share/man"
| #define PACKAGE "diod"
| #define VERSION "6529190"
| #define _GNU_SOURCE 1
| /* end confdefs.h.  */
| 
| int
| main (void)
| {
| 
| #if !(defined(__ICC) || defined(__ECC) || defined(__INTEL_COMPILER))
|       thisisanerror;
| #endif
| 
|   ;
|   return 0;
| }
configure:5028: gcc -c -g -O2  conftest.c >&5
conftest.c: In function 'main':
conftest.c:32:7: error: 'thisisanerror' undeclared (first use in this function)
   32 |       thisisanerror;
      |       ^~~~~~~~~~~~~
conftest.c:32:7: note: each undeclared identifier is reported only once for each function it appears in
configure:5028: $? = 1
configure: failed program was:
| /* confdefs.h */
| #define PACKAGE_NAME "diod"
| #define PACKAGE_TARNAME "diod"
| #define PACKAGE_VERSION "6529190"
| #define PACKAGE_STRING "diod 6529190"
| #define PACKAGE_BUGREPORT ""
| #define PACKAGE_URL ""
| #define X_PREFIX "/usr/local"
| #define X_EXEC_PREFIX "/usr/local"
| #define X_BINDIR "/usr/local/bin"
| #define X_SBINDIR "/usr/local/sbin"
| #define X_LIBEXECDIR "/usr/local/libexec"
| #define X_DATADIR "${prefix}/share"
| #define X_SYSCONFDIR "/usr/local/etc"
| #define X_SHAREDSTATEDIR "/usr/local/com"
| #define X_LOCALSTATEDIR "/usr/local/var"
| #define X_LIBDIR "/usr/local/lib"
| #define X_INCLUDEDIR "/usr/local/include"
| #define X_OLDINCLUDEDIR "/usr/include"
| #define X_INFODIR "${prefix}/share/info"
| #define X_MANDIR "${prefix}/share/man"
| #define PACKAGE "diod"
| #define VERSION "6529190"
| #define _GNU_SOURCE 1
| /* end confdefs.h.  */
| 
| int
| main (void)
| {
| 
| #if !(defined(__xlc__) || defined(__xlC__) || defined(__IBMC__) || defined(__IBMCPP__) || defined(__ibmxl__))
|       thisisanerror;
| #endif
| 
|   ;
|   return 0;
| }
configure:5028: gcc -c -g -O2  conftest.c >&5
conftest.c: In function 'main':
conftest.c:32:7: error: 'thisisanerror' undeclared (first use in this function)
   32 |       thisisanerror;
      |       ^~~~~~~~~~~~~
conftest.c:32:7: note: each undeclared identifier is reported only once for each function it appears in
configure:5028: $? = 1
configure: failed program was:
| /* confdefs.h */
| #define PACKAGE_NAME "diod"
| #define PACKAGE_TARNAME "diod"
| #define PACKAGE_VERSION "6529190"
| #define PACKAGE_STRING "diod 6529190"
| #define PACKAGE_BUGREPORT ""
| #define PACKAGE_URL ""
| #define X_PREFIX "/usr/local"
| #define X_EXEC_PREFIX "/usr/local"
| #define X_BINDIR "/usr/local/bin"
| #define X_SBINDIR "/usr/local/sbin"
| #define X_LIBEXECDIR "/usr/local/libexec"
| #define X_DATADIR "${prefix}/share"
| #define X_SYSCONFDIR "/usr/local/etc"
| #define X_SHAREDSTATEDIR "/usr/local/com"
| #define X_LOCALSTATEDIR "/usr/local/var"
| #define X_LIBDIR "/usr/local/lib"
| #define X_INCLUDEDIR "/usr/local/include"
| #define X_OLDINCLUDEDIR "/usr/include"
| #define X_INFODIR "${prefix}/share/info"
| #define X_MANDIR "${prefix}/share/man"
| #define PACKAGE "diod"
| #define VERSION "6529190"
| #define _GNU_SOURCE 1
| /* end confdefs.h.  */
| 
| int
| main (void)
| {
| 
| #if !(defined(__PATHCC__) || defined(__PATHSCALE__))
|       thisisanerror;
| #endif
| 
|   ;
|   return 0;
| }
configure:5028: gcc -c -g -O2  conftest.c >&5
conftest.c: In function 'main':
conftest.c:32:7: error: 'thisisanerror' undeclared (first use in this function)
   32 |       thisisanerror;
      |       ^~~~~~~~~~~~~
conftest.c:32:7: note: each undeclared identifier is reported only once for each function it appears in
configure:5028: $? = 1
configure: failed program was:
| /* confdefs.h */
| #define PACKAGE_NAME "diod"
| #define PACKAGE_TARNAME "diod"
| #define PACKAGE_VERSION "6529190"
| #define PACKAGE_STRING "diod 6529190"
| #define PACKAGE_BUGREPORT ""
| #define PACKAGE_URL ""
| #define X_PREFIX "/usr/local"
| #define X_EXEC_PREFIX "/usr/local"
| #define X_BINDIR "/usr/local/bin"
| #define X_SBINDIR "/usr/local/sbin"
| #define X_LIBEXECDIR "/usr/local/libexec"
| #define X_DATADIR "${prefix}/share"
| #define X_SYSCONFDIR "/usr/local/etc"
| #define X_SHAREDSTATEDIR "/usr/local/com"
| #define X_LOCALSTATEDIR "/usr/local/var"
| #define X_LIBDIR "/usr/local/lib"
| #define X_INCLUDEDIR "/usr/local/include"
| #define X_OLDINCLUDEDIR "/usr/include"
| #define X_INFODIR "${prefix}/share/info"
| #define X_MANDIR "${prefix}/share/man"
| #define PACKAGE "diod"
| #define VERSION "6529190"
| #define _GNU_SOURCE 1
| /* end confdefs.h.  */
| 
| int
| main (void)
| {
| 
| #if !(defined(__clang__))
|       thisisanerror;
| #endif
| 
|   ;
|   return 0;
| }
configure:5028: gcc -c -g -O2  conftest.c >&5
conftest.c: In function 'main':
conftest.c:32:7: error: 'thisisanerror' undeclared (first use in this function)
   32 |       thisisanerror;
      |       ^~~~~~~~~~~~~
conftest.c:32:7: note: each undeclared identifier is reported only once for each function it appears in
configure:5028: $? = 1
configure: failed program was:
| /* confdefs.h */
| #define PACKAGE_NAME "diod"
| #define PACKAGE_TARNAME "diod"
| #define PACKAGE_VERSION "6529190"
| #define PACKAGE_STRING "diod 6529190"
| #define PACKAGE_BUGREPORT ""
| #define PACKAGE_URL ""
| #define X_PREFIX "/usr/local"
| #define X_EXEC_PREFIX "/usr/local"
| #define X_BINDIR "/usr/local/bin"
| #define X_SBINDIR "/usr/local/sbin"
| #define X_LIBEXECDIR "/usr/local/libexec"
| #define X_DATADIR "${prefix}/share"
| #define X_SYSCONFDIR "/usr/local/etc"
| #define X_SHAREDSTATEDIR "/usr/local/com"
| #define X_LOCALSTATEDIR "/usr/local/var"
| #define X_LIBDIR "/usr/local/lib"
| #define X_INCLUDEDIR "/usr/local/include"
| #define X_OLDINCLUDEDIR "/usr/include"
| #define X_INFODIR "${prefix}/share/info"
| #define X_MANDIR "${prefix}/share/man"
| #define PACKAGE "diod"
| #define VERSION "6529190"
| #define _GNU_SOURCE 1
| /* end confdefs.h.  */
| 
| int
| main (void)
| {
| 
| #if !(defined(_CRAYC))
|       thisisanerror;
| #endif
| 
|   ;
|   return 0;
| }
configure:5028: gcc -c -g -O2  conftest.c >&5
conftest.c: In function 'main':
conftest.c:32:7: error: 'thisisanerror' undeclared (first use in this function)
   32 |       thisisanerror;
      |       ^~~~~~~~~~~~~
conftest.c:32:7: note: each undeclared identifier is reported only once for each function it appears in
configure:5028: $? = 1
configure: failed program was:
| /* confdefs.h */
| #define PACKAGE_NAME "diod"
| #define PACKAGE_TARNAME "diod"
| #define PACKAGE_VERSION "6529190"
| #define PACKAGE_STRING "diod 6529190"
| #define PACKAGE_BUGREPORT ""
| #define PACKAGE_URL ""
| #define X_PREFIX "/usr/local"
| #define X_EXEC_PREFIX "/usr/local"
| #define X_BINDIR "/usr/local/bin"
| #define X_SBINDIR "/usr/local/sbin"
| #define X_LIBEXECDIR "/usr/local/libexec"
| #define X_DATADIR "${prefix}/share"
| #define X_SYSCONFDIR "/usr/local/etc"
| #define X_SHAREDSTATEDIR "/usr/local/com"
| #define X_LOCALSTATEDIR "/usr/local/var"
| #define X_LIBDIR "/usr/local/lib"
| #define X_INCLUDEDIR "/usr/local/include"
| #define X_OLDINCLUDEDIR "/usr/include"
| #define X_INFODIR "${prefix}/share/info"
| #define X_MANDIR "${prefix}/share/man"
| #define PACKAGE "diod"
| #define VERSION "6529190"
| #define _GNU_SOURCE 1
| /* end confdefs.h.  */
| 
| int
| main (void)
| {
| 
| #if !(defined(__FUJITSU))
|       thisisanerror;
| #endif
| 
|   ;
|   return 0;
| }
configure:5028: gcc -c -g -O2  conftest.c >&5
conftest.c: In function 'main':
conftest.c:32:7: error: 'thisisanerror' undeclared (first use in this function)
   32 |       thisisanerror;
      |       ^~~~~~~~~~~~~
conftest.c:32:7: note: each undeclared identifier is reported only once for each function it appears in
configure:5028: $? = 1
configure: failed program was:
| /* confdefs.h */
| #define PACKAGE_NAME "diod"
| #define PACKAGE_TARNAME "diod"
| #define PACKAGE_VERSION "6529190"
| #define PACKAGE_STRING "diod 6529190"
| #define PACKAGE_BUGREPORT ""
| #define PACKAGE_URL ""
| #define X_PREFIX "/usr/local"
| #define X_EXEC_PREFIX "/usr/local"
| #define X_BINDIR "/usr/local/bin"
| #define X_SBINDIR "/usr/local/sbin"
| #define X_LIBEXECDIR "/usr/local/libexec"
| #define X_DATADIR "${prefix}/share"
| #define X_SYSCONFDIR "/usr/local/etc"
| #define X_SHAREDSTATEDIR "/usr/local/com"
| #define X_LOCALSTATEDIR "/usr/local/var"
| #define X_LIBDIR "/usr/local/lib"
| #define X_INCLUDEDIR "/usr/local/include"
| #define X_OLDINCLUDEDIR "/usr/include"
| #define X_INFODIR "${prefix}/share/info"
| #define X_MANDIR "${prefix}/share/man"
| #define PACKAGE "diod"
| #define VERSION "6529190"
| #define _GNU_SOURCE 1
| /* end confdefs.h.  */
| 
| int
| main (void)
| {
| 
| #if !(defined(SDCC) || defined(__SDCC))
|       thisisanerror;
| #endif
| 
|   ;
|   return 0;
| }
configure:5028: gcc -c -g -O2  conftest.c >&5
conftest.c: In function 'main':
conftest.c:32:7: error: 'thisisanerror' undeclared (first use in this function)
   32 |       thisisanerror;
      |       ^~~~~~~~~~~~~
conftest.c:32:7: note: each undeclared identifier is reported only once for each function it appears in
configure:5028: $? = 1
configure: failed program was:
| /* confdefs.h */
| #define PACKAGE_NAME "diod"
| #define PACKAGE_TARNAME "diod"
| #define PACKAGE_VERSION "6529190"
| #define PACKAGE_STRING "diod 6529190"
| #define PACKAGE_BUGREPORT ""
| #define PACKAGE_URL ""
| #define X_PREFIX "/usr/local"
| #define X_EXEC_PREFIX "/usr/local"
| #define X_BINDIR "/usr/local/bin"
| #define X_SBINDIR "/usr/local/sbin"
| #define X_LIBEXECDIR "/usr/local/libexec"
| #define X_DATADIR "${prefix}/share"
| #define X_SYSCONFDIR "/usr/local/etc"
| #define X_SHAREDSTATEDIR "/usr/local/com"
| #define X_LOCALSTATEDIR "/usr/local/var"
| #define X_LIBDIR "/usr/local/lib"
| #define X_INCLUDEDIR "/usr/local/include"
| #define X_OLDINCLUDEDIR "/usr/include"
| #define X_INFODIR "${prefix}/share/info"
| #define X_MANDIR "${prefix}/share/man"
| #define PACKAGE "diod"
| #define VERSION "6529190"
| #define _GNU_SOURCE 1
| /* end confdefs.h.  */
| 
| int
| main (void)
| {
| 
| #if !(defined(_SX))
|       thisisanerror;
| #endif
| 
|   ;
|   return 0;
| }
configure:5028: gcc -c -g -O2  conftest.c >&5
conftest.c: In function 'main':
conftest.c:32:7: error: 'thisisanerror' undeclared (first use in this function)
   32 |       thisisanerror;
      |       ^~~~~~~~~~~~~
conftest.c:32:7: note: each undeclared identifier is reported only once for each function it appears in
configure:5028: $? = 1
configure: failed program was:
| /* confdefs.h */
| #define PACKAGE_NAME "diod"
| #define PACKAGE_TARNAME "diod"
| #define PACKAGE_VERSION "6529190"
| #define PACKAGE_STRING "diod 6529190"
| #define PACKAGE_BUGREPORT ""
| #define PACKAGE_URL ""
| #define X_PREFIX "/usr/local"
| #define X_EXEC_PREFIX "/usr/local"
| #define X_BINDIR "/usr/local/bin"
| #define X_SBINDIR "/usr/local/sbin"
| #define X_LIBEXECDIR "/usr/local/libexec"
| #define X_DATADIR "${prefix}/share"
| #define X_SYSCONFDIR "/usr/local/etc"
| #define X_SHAREDSTATEDIR "/usr/local/com"
| #define X_LOCALSTATEDIR "/usr/local/var"
| #define X_LIBDIR "/usr/local/lib"
| #define X_INCLUDEDIR "/usr/local/include"
| #define X_OLDINCLUDEDIR "/usr/include"
| #define X_INFODIR "${prefix}/share/info"
| #define X_MANDIR "${prefix}/share/man"
| #define PACKAGE "diod"
| #define VERSION "6529190"
| #define _GNU_SOURCE 1
| /* end confdefs.h.  */
| 
| int
| main (void)
| {
| 
| #if !(defined(__NVCOMPILER))
|       thisisanerror;
| #endif
| 
|   ;
|   return 0;
| }
configure:5028: gcc -c -g -O2  conftest.c >&5
conftest.c: In function 'main':
conftest.c:32:7: error: 'thisisanerror' undeclared (first use in this function)
   32 |       thisisanerror;
      |       ^~~~~~~~~~~~~
conftest.c:32:7: note: each undeclared identifier is reported only once for each function it appears in
configure:5028: $? = 1
configure: failed program was:
| /* confdefs.h */
| #define PACKAGE_NAME "diod"
| #define PACKAGE_TARNAME "diod"
| #define PACKAGE_VERSION "6529190"
| #define PACKAGE_STRING "diod 6529190"
| #define PACKAGE_BUGREPORT ""
| #define PACKAGE_URL ""
| #define X_PREFIX "/usr/local"
| #define X_EXEC_PREFIX "/usr/local"
| #define X_BINDIR "/usr/local/bin"
| #define X_SBINDIR "/usr/local/sbin"
| #define X_LIBEXECDIR "/usr/local/libexec"
| #define X_DATADIR "${prefix}/share"
| #define X_SYSCONFDIR "/usr/local/etc"
| #define X_SHAREDSTATEDIR "/usr/local/com"
| #define X_LOCALSTATEDIR "/usr/local/var"
| #define X_LIBDIR "/usr/local/lib"
| #define X_INCLUDEDIR "/usr/local/include"
| #define X_OLDINCLUDEDIR "/usr/include"
| #define X_INFODIR "${prefix}/share/info"
| #define X_MANDIR "${prefix}/share/man"
| #define PACKAGE "diod"
| #define VERSION "6529190"
| #define _GNU_SOURCE 1
| /* end confdefs.h.  */
| 
| int
| main (void)
| {
| 
| #if !(defined(__PGI))
|       thisisanerror;
| #endif
| 
|   ;
|   return 0;
| }
configure:5028: gcc -c -g -O2  conftest.c >&5
configure:5028: $? = 0
configure:5038: result: gnu
configure:5104: checking for ranlib
configure:5125: found /usr/bin/ranlib
configure:5136: result: ranlib
configure:5226: checking for pkg-config
configure:5249: found /usr/bin/pkg-config
configure:5261: result: /usr/bin/pkg-config
configure:5286: checking pkg-config is at least version 0.9.0
configure:5289: result: yes
configure:5303: checking for ncurses
configure:5310: $PKG_CONFIG --exists --print-errors "ncurses"
configure:5313: $? = 0
configure:5327: $PKG_CONFIG --exists --print-errors "ncurses"
configure:5330: $? = 0
configure:5388: result: yes
configure:5400: checking for stdio.h
configure:5400: gcc -c -g -O2  conftest.c >&5
configure:5400: $? = 0
configure:5400: result: yes
configure:5400: checking for stdlib.h
configure:5400: gcc -c -g -O2  conftest.c >&5
configure:5400: $? = 0
configure:5400: result: yes
configure:5400: checking for string.h
configure:5400: gcc -c -g -O2  conftest.c >&5
configure:5400: $? = 0
configure:5400: result: yes
configure:5400: checking for inttypes.h
configure:5400: gcc -c -g -O2  conftest.c >&5
configure:5400: $? = 0
configure:5400: result: yes
configure:5400: checking for stdint.h
configure:5400: gcc -c -g -O2  conftest.c >&5

## ---------------- ##
## Cache variables. ##
## ---------------- ##

ac_cv_build=x86_64-pc-linux-gnu
ac_cv_c_compiler_gnu=yes
ac_cv_env_CAP_CFLAGS_set=
ac_cv_env_CAP_CFLAGS_value=
ac_cv_env_CAP_LIBS_set=
ac_cv_env_CAP_LIBS_value=
ac_cv_env_CC_set=
ac_cv_env_CC_value=
ac_cv_env_CFLAGS_set=
ac_cv_env_CFLAGS_value=
ac_cv_env_CPPFLAGS_set=
ac_cv_env_CPPFLAGS_value=
ac_cv_env_LDFLAGS_set=
ac_cv_env_LDFLAGS_value=
ac_cv_env_LIBS_set=
ac_cv_env_LIBS_value=
ac_cv_env_LUA_INCLUDE_set=
ac_cv_env_LUA_INCLUDE_value=
ac_cv_env_LUA_LIB_set=
ac_cv_env_LUA_LIB_value=
ac_cv_env_LUA_set=
ac_cv_env_LUA_value=
ac_cv_env_MUNGE_CFLAGS_set=
ac_cv_env_MUNGE_CFLAGS_value=
ac_cv_env_MUNGE_LIBS_set=
ac_cv_env_MUNGE_LIBS_value=
ac_cv_env_PKG_CONFIG_LIBDIR_set=
ac_cv_env_PKG_CONFIG_LIBDIR_value=
ac_cv_env_PKG_CONFIG_PATH_set=
ac_cv_env_PKG_CONFIG_PATH_value=
ac_cv_env_PKG_CONFIG_set=
ac_cv_env_PKG_CONFIG_value=
ac_cv_env_build_alias_set=
ac_cv_env_build_alias_value=
ac_cv_env_host_alias_set=
ac_cv_env_host_alias_value=
ac_cv_env_ncurses_CFLAGS_set=
ac_cv_env_ncurses_CFLAGS_value=
ac_cv_env_ncurses_LIBS_set=
ac_cv_env_ncurses_LIBS_value=
ac_cv_env_target_alias_set=
ac_cv_env_target_alias_value=
ac_cv_header_inttypes_h=yes
ac_cv_header_stdio_h=yes
ac_cv_header_stdlib_h=yes
ac_cv_header_string_h=yes
ac_cv_host=x86_64-pc-linux-gnu
ac_cv_objext=o
ac_cv_path_ac_pt_PKG_CONFIG=/usr/bin/pkg-config
ac_cv_path_install='/usr/bin/install -c'
ac_cv_path_mkdir=/usr/bin/mkdir
ac_cv_prog_AWK=gawk
ac_cv_prog_ac_ct_CC=gcc
ac_cv_prog_ac_ct_RANLIB=ranlib
ac_cv_prog_cc_c11=
ac_cv_prog_cc_g=yes
ac_cv_prog_cc_stdc=
ac_cv_prog_make_make_set=yes
am_cv_CC_dependencies_compiler_type=gcc3
am_cv_make_support_nested_variables=yes
am_cv_prog_cc_c_o=yes
ax_cv_c_compiler_vendor=gnu
pkg_cv_ncurses_CFLAGS='-D_DEFAULT_SOURCE -D_XOPEN_SOURCE=600 '
pkg_cv_ncurses_LIBS='-lncurses -ltinfo '

## ----------------- ##
## Output variables. ##
## ----------------- ##

ACLOCAL='${SHELL} '\''/home/gaz/src/qemount/build/cache/diod-src/config/missing'\'' aclocal-1.16'
AMDEPBACKSLASH='\'
AMDEP_FALSE='#'
AMDEP_TRUE=''
AMTAR='$${TAR-tar}'
AM_BACKSLASH='\'
AM_DEFAULT_V='$(AM_DEFAULT_VERBOSITY)'
AM_DEFAULT_VERBOSITY='0'
AM_V='$(V)'
AUTOCONF='${SHELL} '\''/home/gaz/src/qemount/build/cache/diod-src/config/missing'\'' autoconf'
AUTOHEADER='${SHELL} '\''/home/gaz/src/qemount/build/cache/diod-src/config/missing'\'' autoheader'
AUTOMAKE='${SHELL} '\''/home/gaz/src/qemount/build/cache/diod-src/config/missing'\'' automake-1.16'
AWK='gawk'
CAP_CFLAGS=''
CAP_LIBS=''
CC='gcc'
CCDEPMODE='depmode=gcc3'
CFLAGS='-g -O2'
CPPFLAGS=''
CSCOPE='cscope'
CTAGS='ctags'
CYGPATH_W='echo'
DEFS=''
DEPDIR='.deps'
ECHO_C=''
ECHO_N='-n'
ECHO_T=''
ENABLE_DIODMOUNT_FALSE=''
ENABLE_DIODMOUNT_TRUE=''
ETAGS='etags'
EXEEXT=''
GREP=''
HAVE_SYSTEMD_FALSE=''
HAVE_SYSTEMD_TRUE=''
INSTALL_DATA='${INSTALL} -m 644'
INSTALL_PROGRAM='${INSTALL}'
INSTALL_SCRIPT='${INSTALL}'
INSTALL_STRIP_PROGRAM='$(install_sh) -c -s'
LDFLAGS=''
LIBIBVERBS=''
LIBOBJS=''
LIBPTHREAD=''
LIBRDMACM=''
LIBS=''
LIBTCMALLOC=''
LTLIBOBJS=''
LUA=''
LUA_EXEC_PREFIX=''
LUA_INCLUDE=''
LUA_LIB=''
LUA_PLATFORM=''
LUA_PREFIX=''
LUA_SHORT_VERSION=''
LUA_VERSION=''
MAINT=''
MAINTAINER_MODE_FALSE='#'
MAINTAINER_MODE_TRUE=''
MAKEINFO='${SHELL} '\''/home/gaz/src/qemount/build/cache/diod-src/config/missing'\'' makeinfo'
MKDIR_P='/usr/bin/mkdir -p'
MULTIUSER_FALSE=''
MULTIUSER_TRUE=''
MUNGE_CFLAGS=''
MUNGE_LIBS=''
OBJEXT='o'
PACKAGE='diod'
PACKAGE_BUGREPORT=''
PACKAGE_NAME='diod'
PACKAGE_STRING='diod 6529190'
PACKAGE_TARNAME='diod'
PACKAGE_URL=''
PACKAGE_VERSION='6529190'
PATH_SEPARATOR=':'
PKG_CONFIG='/usr/bin/pkg-config'
PKG_CONFIG_LIBDIR=''
PKG_CONFIG_PATH=''
RANLIB='ranlib'
RDMA_FALSE=''
RDMA_TRUE=''
SED=''
SET_MAKE=''
SHELL='/bin/bash'
STRIP=''
TCMALLOC_FALSE=''
TCMALLOC_TRUE=''
USE_GANESHA_KMOD_FALSE=''
USE_GANESHA_KMOD_TRUE=''
VERSION='6529190'
WARNING_CFLAGS='-Wall -Werror'
X_BINDIR='/usr/local/bin'
X_DATADIR='${prefix}/share'
X_EXEC_PREFIX='/usr/local'
X_INCLUDEDIR='/usr/local/include'
X_INFODIR='${prefix}/share/info'
X_LIBDIR='/usr/local/lib'
X_LIBEXECDIR='/usr/local/libexec'
X_LOCALSTATEDIR='/usr/local/var'
X_MANDIR='${prefix}/share/man'
X_OLDINCLUDEDIR='/usr/include'
X_PREFIX='/usr/local'
X_SBINDIR='/usr/local/sbin'
X_SHAREDSTATEDIR='/usr/local/com'
X_SYSCONFDIR='/usr/local/etc'
ac_ct_CC='gcc'
am__EXEEXT_FALSE=''
am__EXEEXT_TRUE=''
am__fastdepCC_FALSE='#'
am__fastdepCC_TRUE=''
am__include='include'
am__isrc=' -I$(srcdir)'
am__leading_dot='.'
am__nodep='_no'
am__quote=''
am__tar='$${TAR-tar} chof - "$$tardir"'
am__untar='$${TAR-tar} xf -'
bindir='${exec_prefix}/bin'
build='x86_64-pc-linux-gnu'
build_alias=''
build_cpu='x86_64'
build_os='linux-gnu'
build_vendor='pc'
datadir='${datarootdir}'
datarootdir='${prefix}/share'
docdir='${datarootdir}/doc/${PACKAGE_TARNAME}'
dvidir='${docdir}'
exec_prefix='NONE'
host='x86_64-pc-linux-gnu'
host_alias=''
host_cpu='x86_64'
host_os='linux-gnu'
host_vendor='pc'
htmldir='${docdir}'
includedir='${prefix}/include'
infodir='${datarootdir}/info'
install_sh='${SHELL} /home/gaz/src/qemount/build/cache/diod-src/config/install-sh'
libdir='${exec_prefix}/lib'
libexecdir='${exec_prefix}/libexec'
localedir='${datarootdir}/locale'
localstatedir='${prefix}/var'
luadir=''
luaexecdir=''
mandir='${datarootdir}/man'
mkdir_p='$(MKDIR_P)'
ncurses_CFLAGS='-D_DEFAULT_SOURCE -D_XOPEN_SOURCE=600 '
ncurses_LIBS='-lncurses -ltinfo '
oldincludedir='/usr/include'
pdfdir='${docdir}'
pkgluadir=''
pkgluaexecdir=''
prefix='NONE'
program_transform_name='s,x,x,'
psdir='${docdir}'
runstatedir='${localstatedir}/run'
sbindir='${exec_prefix}/sbin'
sharedstatedir='${prefix}/com'
sysconfdir='${prefix}/etc'
systemdsystemunitdir=''
target_alias=''

## ----------- ##
## confdefs.h. ##
## ----------- ##

/* confdefs.h */
#define PACKAGE_NAME "diod"
#define PACKAGE_TARNAME "diod"
#define PACKAGE_VERSION "6529190"
#define PACKAGE_STRING "diod 6529190"
#define PACKAGE_BUGREPORT ""
#define PACKAGE_URL ""
#define X_PREFIX "/usr/local"
#define X_EXEC_PREFIX "/usr/local"
#define X_BINDIR "/usr/local/bin"
#define X_SBINDIR "/usr/local/sbin"
#define X_LIBEXECDIR "/usr/local/libexec"
#define X_DATADIR "${prefix}/share"
#define X_SYSCONFDIR "/usr/local/etc"
#define X_SHAREDSTATEDIR "/usr/local/com"
#define X_LOCALSTATEDIR "/usr/local/var"
#define X_LIBDIR "/usr/local/lib"
#define X_INCLUDEDIR "/usr/local/include"
#define X_OLDINCLUDEDIR "/usr/include"
#define X_INFODIR "${prefix}/share/info"
#define X_MANDIR "${prefix}/share/man"
#define PACKAGE "diod"
#define VERSION "6529190"
#define _GNU_SOURCE 1
#define HAVE_STDIO_H 1
#define HAVE_STDLIB_H 1
#define HAVE_STRING_H 1
#define HAVE_INTTYPES_H 1

configure: caught signal 2
configure: exit 1
